<?xml version="1.0" encoding="UTF-8"?>
<testsuites name="Module Sentinel Test Suite" tests="5" failures="0" skipped="0" time="29.632">
  <testsuite name="Module Sentinel" tests="5" failures="0" skipped="0" time="29.632">
    <testcase classname="CrossLanguageMicroservicesTest" name="Discover languages in microservices-demo" time="2">
    </testcase>
    <testcase classname="CrossLanguageMicroservicesTest" name="Index proto files and generated code" time="2786">
    </testcase>
    <testcase classname="CrossLanguageMicroservicesTest" name="Detect cross-language gRPC patterns" time="8882">
    </testcase>
    <testcase classname="CrossLanguageMicroservicesTest" name="Analyze import relationships" time="2">
    </testcase>
    <testcase classname="CrossLanguageMicroservicesTest" name="Test service-to-service communication detection" time="1">
    </testcase>
  </testsuite>
</testsuites>
