<?xml version="1.0" encoding="UTF-8"?>
<testsuites name="Module Sentinel Test Suite" tests="0" failures="0" skipped="0" time="1.777">
  <testsuite name="Module Sentinel" tests="0" failures="0" skipped="0" time="1.777">
  </testsuite>
</testsuites>
