<?xml version="1.0" encoding="UTF-8"?>
<testsuites name="Module Sentinel Test Suite" tests="2" passed="2" failures="0" skipped="0" time="91.338">
  <testsuite name="Module Sentinel" tests="2" passed="2" failures="0" skipped="0" time="91.338">
    <testcase classname="MemberAccessTrackingTest" name="member_access_tracking" time="5">
    </testcase>
    <testcase classname="MemberAccessDeepDiveTest" name="member_access_deep_dive" time="115">
    </testcase>
  </testsuite>
</testsuites>
