<?xml version="1.0" encoding="UTF-8"?>
<testsuites name="Module Sentinel Test Suite" tests="12" failures="3" skipped="0" time="208.062">
  <testsuite name="Module Sentinel" tests="12" failures="3" skipped="0" time="208.062">
    <testcase classname="ComprehensiveParserCapabilitiesTest" name="Language Detection Working" time="0">
    </testcase>
    <testcase classname="ComprehensiveParserCapabilitiesTest" name="Essential Symbol Kinds Present" time="0">
    </testcase>
    <testcase classname="ComprehensiveParserCapabilitiesTest" name="Essential Relationship Types Present" time="0">
    </testcase>
    <testcase classname="ComprehensiveParserCapabilitiesTest" name="C++ module with structs, functions, and field access - Symbol Detection" time="0">
    </testcase>
    <testcase classname="ComprehensiveParserCapabilitiesTest" name="C++ module with structs, functions, and field access - Relationship Detection" time="0">
    </testcase>
    <testcase classname="ComprehensiveParserCapabilitiesTest" name="C++ factory pattern with modules and templates - Symbol Detection" time="0">
      <failure message="1/4 symbols found">
Error: 1/4 symbols found
    at ComprehensiveParserCapabilitiesTest.testFileExpectations (/workspace/test/unit/ComprehensiveParserCapabilitiesTest.ts:450:45)
    at async ComprehensiveParserCapabilitiesTest.testSpecificFileExpectations (/workspace/test/unit/ComprehensiveParserCapabilitiesTest.ts:356:5)
    at async ComprehensiveParserCapabilitiesTest.run (/workspace/test/unit/ComprehensiveParserCapabilitiesTest.ts:121:7)
    at async TestRunner.runTests (/workspace/test/TestRunner.ts:193:29)
    at async TestRunner.run (/workspace/test/TestRunner.ts:81:23)
      </failure>
    </testcase>
    <testcase classname="ComprehensiveParserCapabilitiesTest" name="C++ factory pattern with modules and templates - Relationship Detection" time="0">
      <failure message="0/3 relationships found">
Error: 0/3 relationships found
    at ComprehensiveParserCapabilitiesTest.testFileExpectations (/workspace/test/unit/ComprehensiveParserCapabilitiesTest.ts:457:57)
    at async ComprehensiveParserCapabilitiesTest.testSpecificFileExpectations (/workspace/test/unit/ComprehensiveParserCapabilitiesTest.ts:356:5)
    at async ComprehensiveParserCapabilitiesTest.run (/workspace/test/unit/ComprehensiveParserCapabilitiesTest.ts:121:7)
    at async TestRunner.runTests (/workspace/test/TestRunner.ts:193:29)
    at async TestRunner.run (/workspace/test/TestRunner.ts:81:23)
      </failure>
    </testcase>
    <testcase classname="ComprehensiveParserCapabilitiesTest" name="Function Signatures Completeness (>80%)" time="0">
    </testcase>
    <testcase classname="ComprehensiveParserCapabilitiesTest" name="Return Types Completeness (>70%)" time="0">
    </testcase>
    <testcase classname="ComprehensiveParserCapabilitiesTest" name="Modern C++ Features Detection" time="0">
      <failure message="No modern C++ features detected in codebase">
Error: No modern C++ features detected in codebase
    at ComprehensiveParserCapabilitiesTest.testModernCppFeatures (/workspace/test/unit/ComprehensiveParserCapabilitiesTest.ts:581:35)
    at ComprehensiveParserCapabilitiesTest.run (/workspace/test/unit/ComprehensiveParserCapabilitiesTest.ts:127:18)
    at async TestRunner.runTests (/workspace/test/TestRunner.ts:193:29)
    at async TestRunner.run (/workspace/test/TestRunner.ts:81:23)
      </failure>
    </testcase>
    <testcase classname="ComprehensiveParserCapabilitiesTest" name="Template Detection (Known Gap)" time="0">
    </testcase>
    <testcase classname="ComprehensiveParserCapabilitiesTest" name="Inheritance Relationships (Known Gap)" time="0">
    </testcase>
  </testsuite>
</testsuites>
